\BOOKMARK [-1][-]{chapter*.1}{\376\377\004\043\004\024\004\030\004\040\004\042\004\023\004\020\004\033}{}% 1
\BOOKMARK [0][-]{chapter.1}{\376\377\004\042\004\060\004\071\004\073\004\060\004\075\000\040\004\061\004\076\004\073\004\076\004\062\004\101\004\100\004\103\004\103\004\073\004\060\004\105\000\040\004\067\004\351\004\062\004\073\004\351\004\074\004\066}{chapter*.1}% 2
\BOOKMARK [1][-]{section.1.1}{\376\377\004\042\004\060\004\071\004\073\004\060\004\075\004\063\004\070\004\071\004\075\000\040\004\061\004\257\004\102\004\115\004\106\000\040\004\061\004\060\000\040\004\102\004\351\004\073\004\351\004\062\004\073\004\351\004\073\004\102}{chapter.1}% 3
\BOOKMARK [1][-]{section.1.2}{\376\377\004\043\004\064\004\070\004\100\004\064\004\102\004\063\004\060\004\073\000\040\004\061\004\070\004\107\004\070\004\105}{chapter.1}% 4
\BOOKMARK [1][-]{section.1.3}{\376\377\004\024\004\257\004\063\004\075\004\115\004\073\004\102\000\040\004\061\004\070\004\107\004\070\004\105}{chapter.1}% 5
\BOOKMARK [0][-]{chapter.2}{\376\377\004\021\004\070\004\107\004\062\004\115\004\100\000\040\004\061\004\076\004\073\004\076\004\062\004\101\004\100\004\103\004\103\004\073\004\060\004\073\004\102}{chapter*.1}% 6
\BOOKMARK [1][-]{section.2.1}{\376\377\004\050\004\070\004\075\004\115\000\040\004\074\004\351\004\100\000\040\004\061\004\060\000\040\004\106\004\076\004\063\004\106\004\076\004\073\004\061\004\076\004\100}{chapter.2}% 7
\BOOKMARK [1][-]{section.2.2}{\376\377\004\021\004\070\004\107\004\062\004\115\004\100\000\040\004\067\004\115\004\100\004\115\004\063\004\106\004\257\004\257\004\073\004\115\004\105}{chapter.2}% 8
\BOOKMARK [1][-]{section.2.3}{\376\377\004\045\004\115\004\073\004\061\004\115\004\100\004\066\004\070\004\073\004\102}{chapter.2}% 9
\BOOKMARK [1][-]{section.2.4}{\376\377\000U\000R\000L\000\040\004\076\004\100\004\103\004\103\004\073\004\060\004\105}{chapter.2}% 10
\BOOKMARK [1][-]{section.2.5}{\376\377\004\026\004\060\004\063\004\101\004\060\004\060\004\073\004\102}{chapter.2}% 11
\BOOKMARK [0][-]{chapter.3}{\376\377\004\030\004\110\004\073\004\115\004\073\000,\000\040\004\067\004\257\004\257\004\073\004\102}{chapter*.1}% 12
\BOOKMARK [1][-]{section.3.1}{\376\377\004\030\004\110\004\073\004\115\004\073}{chapter.3}% 13
\BOOKMARK [1][-]{section.3.2}{\376\377\004\027\004\257\004\257\004\073\004\102}{chapter.3}% 14
\BOOKMARK [0][-]{chapter.4}{\376\377\004\027\004\103\004\100\004\060\004\063}{chapter*.1}% 15
\BOOKMARK [1][-]{section.4.1}{\376\377\004\027\004\103\004\100\004\063\004\070\004\071\004\075\000\040\004\105\004\115\004\074\004\066\004\115\004\115\000\040\004\351\004\351\004\100\004\107\004\073\004\351\004\105}{chapter.4}% 16
\BOOKMARK [1][-]{section.4.2}{\376\377\004\027\004\103\004\100\004\060\004\063\000\040\004\115\004\100\004\063\004\257\004\257\004\073\004\115\004\105}{chapter.4}% 17
\BOOKMARK [1][-]{section.4.3}{\376\377\004\027\004\103\004\100\004\063\004\070\004\071\004\075\000\040\004\075\004\115\004\100}{chapter.4}% 18
\BOOKMARK [1][-]{section.4.4}{\376\377\004\027\004\103\004\100\004\060\004\063\000\040\004\063\004\076\004\073\004\073\004\103\004\103\004\073\004\060\004\105}{chapter.4}% 19
\BOOKMARK [1][-]{section.4.5}{\376\377\004\027\004\103\004\100\004\063\004\070\004\071\004\075\000\040\004\107\004\060\004\075\004\060\004\100}{chapter.4}% 20
\BOOKMARK [0][-]{chapter.5}{\376\377\004\045\004\257\004\101\004\075\004\115\004\063\004\102\000\040\004\076\004\100\004\103\004\103\004\073\004\060\004\105}{chapter*.1}% 21
\BOOKMARK [1][-]{section.5.1}{\376\377\004\045\004\257\004\101\004\075\004\115\004\063\004\102\000\040\004\067\004\103\004\100\004\060\004\105\000\040\004\105\004\115\004\100\004\115\004\063\004\101\004\115\004\073}{chapter.5}% 22
\BOOKMARK [0][-]{chapter.6}{\376\377\004\032\004\076\004\064\000\040\004\061\004\060\000\040\004\060\004\073\004\063\004\076\004\100\004\070\004\102\004\074\000\040\004\076\004\100\004\103\004\103\004\073\004\060\004\105}{chapter*.1}% 23
\BOOKMARK [-1][-]{algorithm.1}{\376\377\004\024\004\257\004\063\004\075\004\115\004\073\004\102}{}% 24
\BOOKMARK [-1][-]{algorithm.1}{\376\377\004\035\004\036\004\034\000\040\004\027\004\256\004\031}{}% 25
\BOOKMARK [-1][-]{chapter*.5}{\376\377\004\045\004\020\004\022\004\041\004\040\004\020\004\033\004\042}{}% 26
\BOOKMARK [0][-]{appendix.A}{\376\377\004\050\004\070\004\075\004\066\004\070\004\073\004\063\004\115\004\115\000\040\004\067\004\076\004\105\004\070\004\076\004\074\004\066}{chapter*.5}% 27
\BOOKMARK [0][-]{appendix.B}{\376\377\004\032\004\076\004\064\004\113\004\075\000\040\004\105\004\115\004\100\004\115\004\063\004\066\004\257\004\257\004\073\004\115\004\073\004\102}{chapter*.5}% 28
